
> chromatic-storybook-poc@1.0.0 build-storybook
> storybook build --output-dir=/var/folders/nt/cg06nwqj2bs63nnyzsz0lt7r0000gn/T/chromatic--64268-2LpHvTUWKl5b

[1m@storybook/core v8.6.11
[22m
info => Cleaning outputDir: [36m../../../../../var/folders/nt/cg06nwqj2bs63nnyzsz0lt7r0000gn/T/chromatic--64268-2LpHvTUWKl5b[39m
info => Loading presets
info => Building manager..
info => Manager built ([38;2;181;126;229m116 ms[39m)
info => Building preview..
info Addon-docs: using MDX3
info => Using implicit CSS loaders
WARN Storybook support for Create React App is now a separate preset.
WARN To use the new preset, install `@storybook/preset-create-react-app` and add it to the list of `addons` in your `.storybook/main.js` config file.
WARN The built-in preset has been disabled in Storybook 6.0.
info => Using default Webpack5 setup
WARN asset size limit: The following asset(s) exceed the recommended size limit (244 KiB).
WARN This can impact web performance.
WARN Assets: 
WARN   static/media/addon-library.7a58d2cb.png (456 KiB)
WARN   844.486f3591.iframe.bundle.js (1000 KiB)
WARN   735.049f056c.iframe.bundle.js (359 KiB)
WARN   810.347f004d.iframe.bundle.js (1.41 MiB)
WARN entrypoint size limit: The following entrypoint(s) combined asset size exceeds the recommended limit (244 KiB). This can impact web performance.
WARN Entrypoints:
WARN   main (1.42 MiB)
WARN       runtime~main.327f4f07.iframe.bundle.js
WARN       810.347f004d.iframe.bundle.js
WARN       main.8c704233.iframe.bundle.js
WARN 
info => Preview built ([38;2;181;126;229m5.62 s[39m)
info => Output directory: /var/folders/nt/cg06nwqj2bs63nnyzsz0lt7r0000gn/T/chromatic--64268-2LpHvTUWKl5b
